-------------------------------------------------------------------------------
Test set: com.pq.bdd.cucumberRunner
-------------------------------------------------------------------------------
Tests run: 14, Failures: 0, Errors: 14, Skipped: 0, Time elapsed: 0.388 s <<< FAILURE! -- in com.pq.bdd.cucumberRunner
Repayment dan Penutupan Loan.Jadwal cicilan dibuat sekaligus saat loan DISBURSED -- Time elapsed: 0.098 s <<< ERROR!
io.cucumber.java.PendingException: TODO: implement me
	at com.pq.bdd.steps.repaymentDanCloseSteps.loan_tenor_bulan_yang_baru_disbursed(repaymentDanCloseSteps.java:35)
	at ✽.loan tenor 6 bulan yang baru DISBURSED(classpath:features/repaymentDanClose.feature:5)

Repayment dan Penutupan Loan.Tanggal cicilan pertama adalah 1 bulan setelah DISBURSED -- Time elapsed: 0.011 s <<< ERROR!
io.cucumber.java.PendingException: TODO: implement me
	at com.pq.bdd.steps.repaymentDanCloseSteps.loan_yang_disbursed_pada_tanggal_januari(repaymentDanCloseSteps.java:70)
	at ✽.loan yang DISBURSED pada tanggal 1 Januari 2025(classpath:features/repaymentDanClose.feature:10)

Repayment dan Penutupan Loan.Tanggal cicilan berikutnya setiap 1 bulan setelahnya -- Time elapsed: 0.009 s <<< ERROR!
io.cucumber.java.PendingException: TODO: implement me
	at com.pq.bdd.steps.repaymentDanCloseSteps.loan_tenor_bulan_yang_disbursed_pada_tanggal_januari(repaymentDanCloseSteps.java:65)
	at ✽.loan tenor 3 bulan yang DISBURSED pada tanggal 1 Januari 2025(classpath:features/repaymentDanClose.feature:14)

Repayment dan Penutupan Loan.Cicilan flat rate sama setiap bulan -- Time elapsed: 0.008 s <<< ERROR!
io.cucumber.java.PendingException: TODO: implement me
	at com.pq.bdd.steps.repaymentDanCloseSteps.loan_grade_c_dengan_pokok_tenor_bulan_rate_persen_per_tahun(repaymentDanCloseSteps.java:20)
	at ✽.loan grade C dengan pokok 12000000 tenor 3 bulan rate 20 persen per tahun(classpath:features/repaymentDanClose.feature:20)

Repayment dan Penutupan Loan.Perhitungan cicilan flat rate benar -- Time elapsed: 0.007 s <<< ERROR!
io.cucumber.java.PendingException: TODO: implement me
	at com.pq.bdd.steps.repaymentDanCloseSteps.loan_grade_c_dengan_pokok_tenor_bulan_rate_persen_per_tahun(repaymentDanCloseSteps.java:20)
	at ✽.loan grade C dengan pokok 12000000 tenor 3 bulan rate 20 persen per tahun(classpath:features/repaymentDanClose.feature:26)

Repayment dan Penutupan Loan.Cicilan effective rate mengecil setiap bulan -- Time elapsed: 0.011 s <<< ERROR!
io.cucumber.java.PendingException: TODO: implement me
	at com.pq.bdd.steps.repaymentDanCloseSteps.loan_grade_a_dengan_pokok_tenor_bulan_rate_persen_per_tahun(repaymentDanCloseSteps.java:15)
	at ✽.loan grade A dengan pokok 12000000 tenor 3 bulan rate 12 persen per tahun(classpath:features/repaymentDanClose.feature:32)

Repayment dan Penutupan Loan.Komponen bunga effective rate dihitung dari sisa pokok -- Time elapsed: 0.010 s <<< ERROR!
io.cucumber.java.PendingException: TODO: implement me
	at com.pq.bdd.steps.repaymentDanCloseSteps.loan_grade_a_dengan_pokok_tenor_bulan_rate_persen_per_tahun(repaymentDanCloseSteps.java:15)
	at ✽.loan grade A dengan pokok 12000000 tenor 3 bulan rate 12 persen per tahun(classpath:features/repaymentDanClose.feature:38)

Repayment dan Penutupan Loan.Pembayaran cicilan berhasil mengubah status menjadi PAID -- Time elapsed: 0.008 s <<< ERROR!
io.cucumber.java.PendingException: TODO: implement me
	at com.pq.bdd.steps.repaymentDanCloseSteps.loan_dengan_status_repayment_dan_cicilan_pertama_unpaid(repaymentDanCloseSteps.java:50)
	at ✽.loan dengan status REPAYMENT dan cicilan pertama UNPAID(classpath:features/repaymentDanClose.feature:45)

Repayment dan Penutupan Loan.Pembayaran ditolak jika tidak ada cicilan UNPAID -- Time elapsed: 0.006 s <<< ERROR!
io.cucumber.java.PendingException: TODO: implement me
	at com.pq.bdd.steps.repaymentDanCloseSteps.loan_dengan_semua_cicilan_sudah_paid(repaymentDanCloseSteps.java:60)
	at ✽.loan dengan semua cicilan sudah PAID(classpath:features/repaymentDanClose.feature:51)

Repayment dan Penutupan Loan.Pembayaran ditolak jika amount tidak sesuai -- Time elapsed: 0.006 s <<< ERROR!
io.cucumber.java.PendingException: TODO: implement me
	at com.pq.bdd.steps.repaymentDanCloseSteps.loan_dengan_cicilan_pertama_sebesar(repaymentDanCloseSteps.java:55)
	at ✽.loan dengan cicilan pertama sebesar 1000000(classpath:features/repaymentDanClose.feature:56)

Repayment dan Penutupan Loan.Distribusi ke lender dilakukan saat cicilan dibayar -- Time elapsed: 0.007 s <<< ERROR!
io.cucumber.java.PendingException: TODO: implement me
	at com.pq.bdd.steps.repaymentDanCloseSteps.loan_dengan_dua_lender_porsi_dan(repaymentDanCloseSteps.java:25)
	at ✽.loan dengan dua lender porsi 0.7 dan 0.3(classpath:features/repaymentDanClose.feature:61)

Repayment dan Penutupan Loan.Loan otomatis CLOSED setelah semua cicilan PAID -- Time elapsed: 0.006 s <<< ERROR!
io.cucumber.java.PendingException: TODO: implement me
	at com.pq.bdd.steps.repaymentDanCloseSteps.loan_tenor_bulan_dengan_status_repayment(repaymentDanCloseSteps.java:45)
	at ✽.loan tenor 1 bulan dengan status REPAYMENT(classpath:features/repaymentDanClose.feature:69)

Repayment dan Penutupan Loan.Loan tidak CLOSED jika masih ada cicilan UNPAID -- Time elapsed: 0.006 s <<< ERROR!
io.cucumber.java.PendingException: TODO: implement me
	at com.pq.bdd.steps.repaymentDanCloseSteps.loan_tenor_bulan_dengan_status_repayment(repaymentDanCloseSteps.java:45)
	at ✽.loan tenor 3 bulan dengan status REPAYMENT(classpath:features/repaymentDanClose.feature:74)

Repayment dan Penutupan Loan.Loan CLOSED tidak bisa diubah dalam kondisi apapun -- Time elapsed: 0.005 s <<< ERROR!
io.cucumber.java.PendingException: TODO: implement me
	at com.pq.bdd.steps.repaymentDanCloseSteps.loan_dengan_status_closed(repaymentDanCloseSteps.java:40)
	at ✽.loan dengan status CLOSED(classpath:features/repaymentDanClose.feature:79)

