<?xml version="1.0" encoding="UTF-8"?>
<testsuite xmlns:xsi="http://www.w3.org/2001/XMLSchema-instance" xsi:noNamespaceSchemaLocation="https://maven.apache.org/surefire/maven-surefire-plugin/xsd/surefire-test-report-3.0.xsd" version="3.0" name="com.pq.domain.LoanStrategyAndCreationTest" time="0.031" tests="8" errors="0" skipped="0" failures="0">
  <properties>
[...]
</properties>
  <testcase name="testStrategyImmutable" classname="com.pq.domain.LoanStrategyAndCreationTest" time="0.005"/>
  <testcase name="testSubmit_Fail_AmountExceedsLimit" classname="com.pq.domain.LoanStrategyAndCreationTest" time="0.008"/>
  <testcase name="testSubmit_CannotBeCalledTwice" classname="com.pq.domain.LoanStrategyAndCreationTest" time="0.002"/>
  <testcase name="testDetermineStrategy_GradeC_FlatRate" classname="com.pq.domain.LoanStrategyAndCreationTest" time="0.002"/>
  <testcase name="testStartFunding" classname="com.pq.domain.LoanStrategyAndCreationTest" time="0.001"/>
  <testcase name="testSubmit_Fail_InvalidTenorForGrade" classname="com.pq.domain.LoanStrategyAndCreationTest" time="0.001"/>
  <testcase name="testDetermineStrategy_GradeA_EffectiveRate" classname="com.pq.domain.LoanStrategyAndCreationTest" time="0.0"/>
  <testcase name="testSubmit_Success" classname="com.pq.domain.LoanStrategyAndCreationTest" time="0.001"/>
</testsuite>