<?xml version="1.0" encoding="UTF-8"?>
<testsuite xmlns:xsi="http://www.w3.org/2001/XMLSchema-instance" xsi:noNamespaceSchemaLocation="https://maven.apache.org/surefire/maven-surefire-plugin/xsd/surefire-test-report-3.0.xsd" version="3.0" name="com.pq.domain.KontribusiLenderTest" time="0.072" tests="6" errors="0" skipped="0" failures="0">
  <properties>
[...]
</properties>
  <testcase name="testPorsiLenderDihitungBerdasarkanKontribusi" classname="com.pq.domain.KontribusiLenderTest" time="0.035"/>
  <testcase name="testKontribusiDiterimaJikaMemenuhiMinimum" classname="com.pq.domain.KontribusiLenderTest" time="0.002"/>
  <testcase name="testKontribusiDitolakJikaKurangDariMinimum" classname="com.pq.domain.KontribusiLenderTest" time="0.002"/>
  <testcase name="testKontribusiDitolakDanCancelledJikaDeadlineTerlewat" classname="com.pq.domain.KontribusiLenderTest" time="0.001"/>
  <testcase name="testKontribusiDicapJikaMelebihiSisaTarget" classname="com.pq.domain.KontribusiLenderTest" time="0.001"/>
  <testcase name="testPorsiLenderDiakumulasiJikaMendanaiLebihDariSekali" classname="com.pq.domain.KontribusiLenderTest" time="0.004"/>
</testsuite>