<?xml version="1.0" encoding="UTF-8"?>
<testsuite xmlns:xsi="http://www.w3.org/2001/XMLSchema-instance" xsi:noNamespaceSchemaLocation="https://maven.apache.org/surefire/maven-surefire-plugin/xsd/surefire-test-report-3.0.xsd" version="3.0" name="com.pq.bdd.cucumberRunner" time="0.388" tests="14" errors="14" skipped="0" failures="0">
  <properties>
[...]
</properties>
  <testcase name="Jadwal cicilan dibuat sekaligus saat loan DISBURSED" classname="Repayment dan Penutupan Loan" time="0.098">
    <error message="TODO: implement me" type="io.cucumber.java.PendingException"><![CDATA[io.cucumber.java.PendingException: TODO: implement me
	at com.pq.bdd.steps.repaymentDanCloseSteps.loan_tenor_bulan_yang_baru_disbursed(repaymentDanCloseSteps.java:35)
	at ✽.loan tenor 6 bulan yang baru DISBURSED(classpath:features/repaymentDanClose.feature:5)
]]></error>
  </testcase>
  <testcase name="Tanggal cicilan pertama adalah 1 bulan setelah DISBURSED" classname="Repayment dan Penutupan Loan" time="0.011">
    <error message="TODO: implement me" type="io.cucumber.java.PendingException"><![CDATA[io.cucumber.java.PendingException: TODO: implement me
	at com.pq.bdd.steps.repaymentDanCloseSteps.loan_yang_disbursed_pada_tanggal_januari(repaymentDanCloseSteps.java:70)
	at ✽.loan yang DISBURSED pada tanggal 1 Januari 2025(classpath:features/repaymentDanClose.feature:10)
]]></error>
  </testcase>
  <testcase name="Tanggal cicilan berikutnya setiap 1 bulan setelahnya" classname="Repayment dan Penutupan Loan" time="0.009">
    <error message="TODO: implement me" type="io.cucumber.java.PendingException"><![CDATA[io.cucumber.java.PendingException: TODO: implement me
	at com.pq.bdd.steps.repaymentDanCloseSteps.loan_tenor_bulan_yang_disbursed_pada_tanggal_januari(repaymentDanCloseSteps.java:65)
	at ✽.loan tenor 3 bulan yang DISBURSED pada tanggal 1 Januari 2025(classpath:features/repaymentDanClose.feature:14)
]]></error>
  </testcase>
  <testcase name="Cicilan flat rate sama setiap bulan" classname="Repayment dan Penutupan Loan" time="0.008">
    <error message="TODO: implement me" type="io.cucumber.java.PendingException"><![CDATA[io.cucumber.java.PendingException: TODO: implement me
	at com.pq.bdd.steps.repaymentDanCloseSteps.loan_grade_c_dengan_pokok_tenor_bulan_rate_persen_per_tahun(repaymentDanCloseSteps.java:20)
	at ✽.loan grade C dengan pokok 12000000 tenor 3 bulan rate 20 persen per tahun(classpath:features/repaymentDanClose.feature:20)
]]></error>
  </testcase>
  <testcase name="Perhitungan cicilan flat rate benar" classname="Repayment dan Penutupan Loan" time="0.007">
    <error message="TODO: implement me" type="io.cucumber.java.PendingException"><![CDATA[io.cucumber.java.PendingException: TODO: implement me
	at com.pq.bdd.steps.repaymentDanCloseSteps.loan_grade_c_dengan_pokok_tenor_bulan_rate_persen_per_tahun(repaymentDanCloseSteps.java:20)
	at ✽.loan grade C dengan pokok 12000000 tenor 3 bulan rate 20 persen per tahun(classpath:features/repaymentDanClose.feature:26)
]]></error>
  </testcase>
  <testcase name="Cicilan effective rate mengecil setiap bulan" classname="Repayment dan Penutupan Loan" time="0.011">
    <error message="TODO: implement me" type="io.cucumber.java.PendingException"><![CDATA[io.cucumber.java.PendingException: TODO: implement me
	at com.pq.bdd.steps.repaymentDanCloseSteps.loan_grade_a_dengan_pokok_tenor_bulan_rate_persen_per_tahun(repaymentDanCloseSteps.java:15)
	at ✽.loan grade A dengan pokok 12000000 tenor 3 bulan rate 12 persen per tahun(classpath:features/repaymentDanClose.feature:32)
]]></error>
  </testcase>
  <testcase name="Komponen bunga effective rate dihitung dari sisa pokok" classname="Repayment dan Penutupan Loan" time="0.01">
    <error message="TODO: implement me" type="io.cucumber.java.PendingException"><![CDATA[io.cucumber.java.PendingException: TODO: implement me
	at com.pq.bdd.steps.repaymentDanCloseSteps.loan_grade_a_dengan_pokok_tenor_bulan_rate_persen_per_tahun(repaymentDanCloseSteps.java:15)
	at ✽.loan grade A dengan pokok 12000000 tenor 3 bulan rate 12 persen per tahun(classpath:features/repaymentDanClose.feature:38)
]]></error>
  </testcase>
  <testcase name="Pembayaran cicilan berhasil mengubah status menjadi PAID" classname="Repayment dan Penutupan Loan" time="0.008">
    <error message="TODO: implement me" type="io.cucumber.java.PendingException"><![CDATA[io.cucumber.java.PendingException: TODO: implement me
	at com.pq.bdd.steps.repaymentDanCloseSteps.loan_dengan_status_repayment_dan_cicilan_pertama_unpaid(repaymentDanCloseSteps.java:50)
	at ✽.loan dengan status REPAYMENT dan cicilan pertama UNPAID(classpath:features/repaymentDanClose.feature:45)
]]></error>
  </testcase>
  <testcase name="Pembayaran ditolak jika tidak ada cicilan UNPAID" classname="Repayment dan Penutupan Loan" time="0.006">
    <error message="TODO: implement me" type="io.cucumber.java.PendingException"><![CDATA[io.cucumber.java.PendingException: TODO: implement me
	at com.pq.bdd.steps.repaymentDanCloseSteps.loan_dengan_semua_cicilan_sudah_paid(repaymentDanCloseSteps.java:60)
	at ✽.loan dengan semua cicilan sudah PAID(classpath:features/repaymentDanClose.feature:51)
]]></error>
  </testcase>
  <testcase name="Pembayaran ditolak jika amount tidak sesuai" classname="Repayment dan Penutupan Loan" time="0.006">
    <error message="TODO: implement me" type="io.cucumber.java.PendingException"><![CDATA[io.cucumber.java.PendingException: TODO: implement me
	at com.pq.bdd.steps.repaymentDanCloseSteps.loan_dengan_cicilan_pertama_sebesar(repaymentDanCloseSteps.java:55)
	at ✽.loan dengan cicilan pertama sebesar 1000000(classpath:features/repaymentDanClose.feature:56)
]]></error>
  </testcase>
  <testcase name="Distribusi ke lender dilakukan saat cicilan dibayar" classname="Repayment dan Penutupan Loan" time="0.007">
    <error message="TODO: implement me" type="io.cucumber.java.PendingException"><![CDATA[io.cucumber.java.PendingException: TODO: implement me
	at com.pq.bdd.steps.repaymentDanCloseSteps.loan_dengan_dua_lender_porsi_dan(repaymentDanCloseSteps.java:25)
	at ✽.loan dengan dua lender porsi 0.7 dan 0.3(classpath:features/repaymentDanClose.feature:61)
]]></error>
  </testcase>
  <testcase name="Loan otomatis CLOSED setelah semua cicilan PAID" classname="Repayment dan Penutupan Loan" time="0.006">
    <error message="TODO: implement me" type="io.cucumber.java.PendingException"><![CDATA[io.cucumber.java.PendingException: TODO: implement me
	at com.pq.bdd.steps.repaymentDanCloseSteps.loan_tenor_bulan_dengan_status_repayment(repaymentDanCloseSteps.java:45)
	at ✽.loan tenor 1 bulan dengan status REPAYMENT(classpath:features/repaymentDanClose.feature:69)
]]></error>
  </testcase>
  <testcase name="Loan tidak CLOSED jika masih ada cicilan UNPAID" classname="Repayment dan Penutupan Loan" time="0.006">
    <error message="TODO: implement me" type="io.cucumber.java.PendingException"><![CDATA[io.cucumber.java.PendingException: TODO: implement me
	at com.pq.bdd.steps.repaymentDanCloseSteps.loan_tenor_bulan_dengan_status_repayment(repaymentDanCloseSteps.java:45)
	at ✽.loan tenor 3 bulan dengan status REPAYMENT(classpath:features/repaymentDanClose.feature:74)
]]></error>
  </testcase>
  <testcase name="Loan CLOSED tidak bisa diubah dalam kondisi apapun" classname="Repayment dan Penutupan Loan" time="0.005">
    <error message="TODO: implement me" type="io.cucumber.java.PendingException"><![CDATA[io.cucumber.java.PendingException: TODO: implement me
	at com.pq.bdd.steps.repaymentDanCloseSteps.loan_dengan_status_closed(repaymentDanCloseSteps.java:40)
	at ✽.loan dengan status CLOSED(classpath:features/repaymentDanClose.feature:79)
]]></error>
  </testcase>
</testsuite>