<?xml version="1.0" encoding="UTF-8"?>
<testsuite xmlns:xsi="http://www.w3.org/2001/XMLSchema-instance" xsi:noNamespaceSchemaLocation="https://maven.apache.org/surefire/maven-surefire-plugin/xsd/surefire-test-report-3.0.xsd" version="3.0" name="com.pq.domain.LoanRepaymentTest" time="2.091" tests="8" errors="7" skipped="0" failures="1">
  <properties>
[...]
</properties>
  <testcase name="testPerhitunganCicilanFlatRate" classname="com.pq.domain.LoanRepaymentTest" time="1.921">
    <error message="Index 0 out of bounds for length 0" type="java.lang.IndexOutOfBoundsException"><![CDATA[java.lang.IndexOutOfBoundsException: Index 0 out of bounds for length 0
	at java.base/jdk.internal.util.Preconditions.outOfBounds(Preconditions.java:64)
	at java.base/jdk.internal.util.Preconditions.outOfBoundsCheckIndex(Preconditions.java:70)
	at java.base/jdk.internal.util.Preconditions.checkIndex(Preconditions.java:266)
	at java.base/java.util.Objects.checkIndex(Objects.java:359)
	at java.base/java.util.ArrayList.get(ArrayList.java:427)
	at com.pq.domain.LoanRepaymentTest.testPerhitunganCicilanFlatRate(LoanRepaymentTest.java:104)
	at java.base/java.lang.reflect.Method.invoke(Method.java:568)
	at java.base/java.util.ArrayList.forEach(ArrayList.java:1511)
	at java.base/java.util.ArrayList.forEach(ArrayList.java:1511)
]]></error>
  </testcase>
  <testcase name="testPerhitunganCicilanEffectiveRate" classname="com.pq.domain.LoanRepaymentTest" time="0.012">
    <error message="Index 0 out of bounds for length 0" type="java.lang.IndexOutOfBoundsException"><![CDATA[java.lang.IndexOutOfBoundsException: Index 0 out of bounds for length 0
	at java.base/jdk.internal.util.Preconditions.outOfBounds(Preconditions.java:64)
	at java.base/jdk.internal.util.Preconditions.outOfBoundsCheckIndex(Preconditions.java:70)
	at java.base/jdk.internal.util.Preconditions.checkIndex(Preconditions.java:266)
	at java.base/java.util.Objects.checkIndex(Objects.java:359)
	at java.base/java.util.ArrayList.get(ArrayList.java:427)
	at com.pq.domain.LoanRepaymentTest.testPerhitunganCicilanEffectiveRate(LoanRepaymentTest.java:125)
	at java.base/java.lang.reflect.Method.invoke(Method.java:568)
	at java.base/java.util.ArrayList.forEach(ArrayList.java:1511)
	at java.base/java.util.ArrayList.forEach(ArrayList.java:1511)
]]></error>
  </testcase>
  <testcase name="testLoanClosedTidakBisaDiubah" classname="com.pq.domain.LoanRepaymentTest" time="0.01">
    <error message="Tenor tidak tersedia untuk grade ini" type="java.lang.IllegalArgumentException"><![CDATA[java.lang.IllegalArgumentException: Tenor tidak tersedia untuk grade ini
	at com.pq.domain.model.loan.Loan.submit(Loan.java:48)
	at com.pq.domain.LoanRepaymentTest.testLoanClosedTidakBisaDiubah(LoanRepaymentTest.java:208)
	at java.base/java.lang.reflect.Method.invoke(Method.java:568)
	at java.base/java.util.ArrayList.forEach(ArrayList.java:1511)
	at java.base/java.util.ArrayList.forEach(ArrayList.java:1511)
]]></error>
  </testcase>
  <testcase name="testTanggalCicilanDanJatuhTempo" classname="com.pq.domain.LoanRepaymentTest" time="0.007">
    <error message="Index 0 out of bounds for length 0" type="java.lang.IndexOutOfBoundsException"><![CDATA[java.lang.IndexOutOfBoundsException: Index 0 out of bounds for length 0
	at java.base/jdk.internal.util.Preconditions.outOfBounds(Preconditions.java:64)
	at java.base/jdk.internal.util.Preconditions.outOfBoundsCheckIndex(Preconditions.java:70)
	at java.base/jdk.internal.util.Preconditions.checkIndex(Preconditions.java:266)
	at java.base/java.util.Objects.checkIndex(Objects.java:359)
	at java.base/java.util.ArrayList.get(ArrayList.java:427)
	at com.pq.domain.LoanRepaymentTest.testTanggalCicilanDanJatuhTempo(LoanRepaymentTest.java:82)
	at java.base/java.lang.reflect.Method.invoke(Method.java:568)
	at java.base/java.util.ArrayList.forEach(ArrayList.java:1511)
	at java.base/java.util.ArrayList.forEach(ArrayList.java:1511)
]]></error>
  </testcase>
  <testcase name="testLoanOtomatisClosed" classname="com.pq.domain.LoanRepaymentTest" time="0.013">
    <error message="Tenor tidak tersedia untuk grade ini" type="java.lang.IllegalArgumentException"><![CDATA[java.lang.IllegalArgumentException: Tenor tidak tersedia untuk grade ini
	at com.pq.domain.model.loan.Loan.submit(Loan.java:48)
	at com.pq.domain.LoanRepaymentTest.testLoanOtomatisClosed(LoanRepaymentTest.java:189)
	at java.base/java.lang.reflect.Method.invoke(Method.java:568)
	at java.base/java.util.ArrayList.forEach(ArrayList.java:1511)
	at java.base/java.util.ArrayList.forEach(ArrayList.java:1511)
]]></error>
  </testcase>
  <testcase name="testPembayaranDitolakJikaAmountTidakSesuai" classname="com.pq.domain.LoanRepaymentTest" time="0.008">
    <error message="Tenor tidak tersedia untuk grade ini" type="java.lang.IllegalArgumentException"><![CDATA[java.lang.IllegalArgumentException: Tenor tidak tersedia untuk grade ini
	at com.pq.domain.model.loan.Loan.submit(Loan.java:48)
	at com.pq.domain.LoanRepaymentTest.testPembayaranDitolakJikaAmountTidakSesuai(LoanRepaymentTest.java:142)
	at java.base/java.lang.reflect.Method.invoke(Method.java:568)
	at java.base/java.util.ArrayList.forEach(ArrayList.java:1511)
	at java.base/java.util.ArrayList.forEach(ArrayList.java:1511)
]]></error>
  </testcase>
  <testcase name="testJadwalCicilanDibuatSaatDisbursed" classname="com.pq.domain.LoanRepaymentTest" time="0.02">
    <failure message="Status loan harus DISBURSED ==&gt; expected: &lt;DISBURSED&gt; but was: &lt;SUBMITTED&gt;" type="org.opentest4j.AssertionFailedError"><![CDATA[org.opentest4j.AssertionFailedError: Status loan harus DISBURSED ==> expected: <DISBURSED> but was: <SUBMITTED>
	at org.junit.jupiter.api.AssertionFailureBuilder.build(AssertionFailureBuilder.java:151)
	at org.junit.jupiter.api.AssertionFailureBuilder.buildAndThrow(AssertionFailureBuilder.java:132)
	at org.junit.jupiter.api.AssertEquals.failNotEqual(AssertEquals.java:197)
	at org.junit.jupiter.api.AssertEquals.assertEquals(AssertEquals.java:182)
	at org.junit.jupiter.api.Assertions.assertEquals(Assertions.java:1152)
	at com.pq.domain.LoanRepaymentTest.testJadwalCicilanDibuatSaatDisbursed(LoanRepaymentTest.java:60)
	at java.base/java.lang.reflect.Method.invoke(Method.java:568)
	at java.base/java.util.ArrayList.forEach(ArrayList.java:1511)
	at java.base/java.util.ArrayList.forEach(ArrayList.java:1511)
]]></failure>
  </testcase>
  <testcase name="testPembayaranCicilanBerhasil" classname="com.pq.domain.LoanRepaymentTest" time="0.007">
    <error message="Index 0 out of bounds for length 0" type="java.lang.IndexOutOfBoundsException"><![CDATA[java.lang.IndexOutOfBoundsException: Index 0 out of bounds for length 0
	at java.base/jdk.internal.util.Preconditions.outOfBounds(Preconditions.java:64)
	at java.base/jdk.internal.util.Preconditions.outOfBoundsCheckIndex(Preconditions.java:70)
	at java.base/jdk.internal.util.Preconditions.checkIndex(Preconditions.java:266)
	at java.base/java.util.Objects.checkIndex(Objects.java:359)
	at java.base/java.util.ArrayList.get(ArrayList.java:427)
	at com.pq.domain.LoanRepaymentTest.testPembayaranCicilanBerhasil(LoanRepaymentTest.java:168)
	at java.base/java.lang.reflect.Method.invoke(Method.java:568)
	at java.base/java.util.ArrayList.forEach(ArrayList.java:1511)
	at java.base/java.util.ArrayList.forEach(ArrayList.java:1511)
]]></error>
  </testcase>
</testsuite>