<?xml version="1.0" encoding="UTF-8"?>
<testsuite xmlns:xsi="http://www.w3.org/2001/XMLSchema-instance" xsi:noNamespaceSchemaLocation="https://maven.apache.org/surefire/maven-surefire-plugin/xsd/surefire-test-report-3.0.xsd" version="3.0" name="com.pq.domain.LoanValidationTest$TenorValidationTest" time="0.028" tests="2" errors="0" skipped="0" failures="0">
  <properties>
[...]
</properties>
  <testcase name="submit_tenorTersedia_berhasil" classname="com.pq.domain.LoanValidationTest$TenorValidationTest" time="0.009"/>
  <testcase name="submit_tenorTidakTersedia_throwsException" classname="com.pq.domain.LoanValidationTest$TenorValidationTest" time="0.009"/>
</testsuite>